  Source.cpp
C:\Users\Борис\Desktop\SHP\c++\DinoPark\DinoPark\Source.cpp(215,34): warning C4244: аргумент: преобразование "double" в "int", возможна потеря данных
C:\Users\Борис\Desktop\SHP\c++\DinoPark\DinoPark\Source.cpp(215,23): warning C4244: аргумент: преобразование "double" в "int", возможна потеря данных
C:\Users\Борис\Desktop\SHP\c++\DinoPark\DinoPark\Source.cpp(215,65): warning C4244: аргумент: преобразование "double" в "int", возможна потеря данных
C:\Users\Борис\Desktop\SHP\c++\DinoPark\DinoPark\Source.cpp(215,53): warning C4244: аргумент: преобразование "double" в "int", возможна потеря данных
C:\Users\Борис\Desktop\SHP\c++\DinoPark\DinoPark\Source.cpp(216,35): warning C4244: аргумент: преобразование "double" в "int", возможна потеря данных
C:\Users\Борис\Desktop\SHP\c++\DinoPark\DinoPark\Source.cpp(216,23): warning C4244: аргумент: преобразование "double" в "int", возможна потеря данных
C:\Users\Борис\Desktop\SHP\c++\DinoPark\DinoPark\Source.cpp(216,66): warning C4244: аргумент: преобразование "double" в "int", возможна потеря данных
C:\Users\Борис\Desktop\SHP\c++\DinoPark\DinoPark\Source.cpp(216,54): warning C4244: аргумент: преобразование "double" в "int", возможна потеря данных
C:\Users\Борис\Desktop\SHP\c++\DinoPark\DinoPark\Source.cpp(217,34): warning C4244: аргумент: преобразование "double" в "int", возможна потеря данных
C:\Users\Борис\Desktop\SHP\c++\DinoPark\DinoPark\Source.cpp(217,23): warning C4244: аргумент: преобразование "double" в "int", возможна потеря данных
C:\Users\Борис\Desktop\SHP\c++\DinoPark\DinoPark\Source.cpp(217,65): warning C4244: аргумент: преобразование "double" в "int", возможна потеря данных
C:\Users\Борис\Desktop\SHP\c++\DinoPark\DinoPark\Source.cpp(217,53): warning C4244: аргумент: преобразование "double" в "int", возможна потеря данных
C:\Users\Борис\Desktop\SHP\c++\DinoPark\DinoPark\Source.cpp(218,35): warning C4244: аргумент: преобразование "double" в "int", возможна потеря данных
C:\Users\Борис\Desktop\SHP\c++\DinoPark\DinoPark\Source.cpp(218,23): warning C4244: аргумент: преобразование "double" в "int", возможна потеря данных
C:\Users\Борис\Desktop\SHP\c++\DinoPark\DinoPark\Source.cpp(218,66): warning C4244: аргумент: преобразование "double" в "int", возможна потеря данных
C:\Users\Борис\Desktop\SHP\c++\DinoPark\DinoPark\Source.cpp(218,54): warning C4244: аргумент: преобразование "double" в "int", возможна потеря данных
C:\Users\Борис\Desktop\SHP\c++\DinoPark\DinoPark\Source.cpp(219,34): warning C4244: аргумент: преобразование "double" в "int", возможна потеря данных
C:\Users\Борис\Desktop\SHP\c++\DinoPark\DinoPark\Source.cpp(219,23): warning C4244: аргумент: преобразование "double" в "int", возможна потеря данных
C:\Users\Борис\Desktop\SHP\c++\DinoPark\DinoPark\Source.cpp(219,66): warning C4244: аргумент: преобразование "double" в "int", возможна потеря данных
C:\Users\Борис\Desktop\SHP\c++\DinoPark\DinoPark\Source.cpp(219,54): warning C4244: аргумент: преобразование "double" в "int", возможна потеря данных
C:\Users\Борис\Desktop\SHP\c++\DinoPark\DinoPark\Source.cpp(220,35): warning C4244: аргумент: преобразование "double" в "int", возможна потеря данных
C:\Users\Борис\Desktop\SHP\c++\DinoPark\DinoPark\Source.cpp(220,23): warning C4244: аргумент: преобразование "double" в "int", возможна потеря данных
C:\Users\Борис\Desktop\SHP\c++\DinoPark\DinoPark\Source.cpp(220,67): warning C4244: аргумент: преобразование "double" в "int", возможна потеря данных
C:\Users\Борис\Desktop\SHP\c++\DinoPark\DinoPark\Source.cpp(220,55): warning C4244: аргумент: преобразование "double" в "int", возможна потеря данных
C:\Users\Борис\Desktop\SHP\c++\DinoPark\DinoPark\Source.cpp(248,23): warning C4244: аргумент: преобразование "double" в "int", возможна потеря данных
C:\Users\Борис\Desktop\SHP\c++\DinoPark\DinoPark\Source.cpp(248,69): warning C4244: аргумент: преобразование "double" в "int", возможна потеря данных
C:\Users\Борис\Desktop\SHP\c++\DinoPark\DinoPark\Source.cpp(248,57): warning C4244: аргумент: преобразование "double" в "int", возможна потеря данных
C:\Users\Борис\Desktop\SHP\c++\DinoPark\DinoPark\Source.cpp(249,35): warning C4244: аргумент: преобразование "double" в "int", возможна потеря данных
C:\Users\Борис\Desktop\SHP\c++\DinoPark\DinoPark\Source.cpp(249,23): warning C4244: аргумент: преобразование "double" в "int", возможна потеря данных
C:\Users\Борис\Desktop\SHP\c++\DinoPark\DinoPark\Source.cpp(249,66): warning C4244: аргумент: преобразование "double" в "int", возможна потеря данных
C:\Users\Борис\Desktop\SHP\c++\DinoPark\DinoPark\Source.cpp(249,54): warning C4244: аргумент: преобразование "double" в "int", возможна потеря данных
C:\Users\Борис\Desktop\SHP\c++\DinoPark\DinoPark\Source.cpp(250,35): warning C4244: аргумент: преобразование "double" в "int", возможна потеря данных
C:\Users\Борис\Desktop\SHP\c++\DinoPark\DinoPark\Source.cpp(250,23): warning C4244: аргумент: преобразование "double" в "int", возможна потеря данных
C:\Users\Борис\Desktop\SHP\c++\DinoPark\DinoPark\Source.cpp(250,66): warning C4244: аргумент: преобразование "double" в "int", возможна потеря данных
C:\Users\Борис\Desktop\SHP\c++\DinoPark\DinoPark\Source.cpp(250,54): warning C4244: аргумент: преобразование "double" в "int", возможна потеря данных
C:\Users\Борис\Desktop\SHP\c++\DinoPark\DinoPark\Source.cpp(251,35): warning C4244: аргумент: преобразование "double" в "int", возможна потеря данных
C:\Users\Борис\Desktop\SHP\c++\DinoPark\DinoPark\Source.cpp(251,23): warning C4244: аргумент: преобразование "double" в "int", возможна потеря данных
C:\Users\Борис\Desktop\SHP\c++\DinoPark\DinoPark\Source.cpp(251,66): warning C4244: аргумент: преобразование "double" в "int", возможна потеря данных
C:\Users\Борис\Desktop\SHP\c++\DinoPark\DinoPark\Source.cpp(251,54): warning C4244: аргумент: преобразование "double" в "int", возможна потеря данных
C:\Users\Борис\Desktop\SHP\c++\DinoPark\DinoPark\Source.cpp(252,35): warning C4244: аргумент: преобразование "double" в "int", возможна потеря данных
C:\Users\Борис\Desktop\SHP\c++\DinoPark\DinoPark\Source.cpp(252,23): warning C4244: аргумент: преобразование "double" в "int", возможна потеря данных
C:\Users\Борис\Desktop\SHP\c++\DinoPark\DinoPark\Source.cpp(252,66): warning C4244: аргумент: преобразование "double" в "int", возможна потеря данных
C:\Users\Борис\Desktop\SHP\c++\DinoPark\DinoPark\Source.cpp(252,54): warning C4244: аргумент: преобразование "double" в "int", возможна потеря данных
C:\Users\Борис\Desktop\SHP\c++\DinoPark\DinoPark\Source.cpp(253,35): warning C4244: аргумент: преобразование "double" в "int", возможна потеря данных
C:\Users\Борис\Desktop\SHP\c++\DinoPark\DinoPark\Source.cpp(253,23): warning C4244: аргумент: преобразование "double" в "int", возможна потеря данных
C:\Users\Борис\Desktop\SHP\c++\DinoPark\DinoPark\Source.cpp(253,66): warning C4244: аргумент: преобразование "double" в "int", возможна потеря данных
C:\Users\Борис\Desktop\SHP\c++\DinoPark\DinoPark\Source.cpp(253,54): warning C4244: аргумент: преобразование "double" в "int", возможна потеря данных
C:\Users\Борис\Desktop\SHP\c++\DinoPark\DinoPark\Source.cpp(270,23): warning C4244: аргумент: преобразование "double" в "int", возможна потеря данных
C:\Users\Борис\Desktop\SHP\c++\DinoPark\DinoPark\Source.cpp(270,69): warning C4244: аргумент: преобразование "double" в "int", возможна потеря данных
C:\Users\Борис\Desktop\SHP\c++\DinoPark\DinoPark\Source.cpp(270,57): warning C4244: аргумент: преобразование "double" в "int", возможна потеря данных
C:\Users\Борис\Desktop\SHP\c++\DinoPark\DinoPark\Source.cpp(271,35): warning C4244: аргумент: преобразование "double" в "int", возможна потеря данных
C:\Users\Борис\Desktop\SHP\c++\DinoPark\DinoPark\Source.cpp(271,23): warning C4244: аргумент: преобразование "double" в "int", возможна потеря данных
C:\Users\Борис\Desktop\SHP\c++\DinoPark\DinoPark\Source.cpp(271,66): warning C4244: аргумент: преобразование "double" в "int", возможна потеря данных
C:\Users\Борис\Desktop\SHP\c++\DinoPark\DinoPark\Source.cpp(271,54): warning C4244: аргумент: преобразование "double" в "int", возможна потеря данных
C:\Users\Борис\Desktop\SHP\c++\DinoPark\DinoPark\Source.cpp(272,35): warning C4244: аргумент: преобразование "double" в "int", возможна потеря данных
C:\Users\Борис\Desktop\SHP\c++\DinoPark\DinoPark\Source.cpp(272,23): warning C4244: аргумент: преобразование "double" в "int", возможна потеря данных
C:\Users\Борис\Desktop\SHP\c++\DinoPark\DinoPark\Source.cpp(272,66): warning C4244: аргумент: преобразование "double" в "int", возможна потеря данных
C:\Users\Борис\Desktop\SHP\c++\DinoPark\DinoPark\Source.cpp(272,54): warning C4244: аргумент: преобразование "double" в "int", возможна потеря данных
C:\Users\Борис\Desktop\SHP\c++\DinoPark\DinoPark\Source.cpp(273,35): warning C4244: аргумент: преобразование "double" в "int", возможна потеря данных
C:\Users\Борис\Desktop\SHP\c++\DinoPark\DinoPark\Source.cpp(273,23): warning C4244: аргумент: преобразование "double" в "int", возможна потеря данных
C:\Users\Борис\Desktop\SHP\c++\DinoPark\DinoPark\Source.cpp(273,66): warning C4244: аргумент: преобразование "double" в "int", возможна потеря данных
C:\Users\Борис\Desktop\SHP\c++\DinoPark\DinoPark\Source.cpp(273,54): warning C4244: аргумент: преобразование "double" в "int", возможна потеря данных
C:\Users\Борис\Desktop\SHP\c++\DinoPark\DinoPark\Source.cpp(274,35): warning C4244: аргумент: преобразование "double" в "int", возможна потеря данных
C:\Users\Борис\Desktop\SHP\c++\DinoPark\DinoPark\Source.cpp(274,23): warning C4244: аргумент: преобразование "double" в "int", возможна потеря данных
C:\Users\Борис\Desktop\SHP\c++\DinoPark\DinoPark\Source.cpp(274,66): warning C4244: аргумент: преобразование "double" в "int", возможна потеря данных
C:\Users\Борис\Desktop\SHP\c++\DinoPark\DinoPark\Source.cpp(274,54): warning C4244: аргумент: преобразование "double" в "int", возможна потеря данных
C:\Users\Борис\Desktop\SHP\c++\DinoPark\DinoPark\Source.cpp(275,35): warning C4244: аргумент: преобразование "double" в "int", возможна потеря данных
C:\Users\Борис\Desktop\SHP\c++\DinoPark\DinoPark\Source.cpp(275,23): warning C4244: аргумент: преобразование "double" в "int", возможна потеря данных
C:\Users\Борис\Desktop\SHP\c++\DinoPark\DinoPark\Source.cpp(275,66): warning C4244: аргумент: преобразование "double" в "int", возможна потеря данных
C:\Users\Борис\Desktop\SHP\c++\DinoPark\DinoPark\Source.cpp(275,54): warning C4244: аргумент: преобразование "double" в "int", возможна потеря данных
C:\Users\Борис\Desktop\SHP\c++\DinoPark\DinoPark\Source.cpp(292,23): warning C4244: аргумент: преобразование "double" в "int", возможна потеря данных
C:\Users\Борис\Desktop\SHP\c++\DinoPark\DinoPark\Source.cpp(292,69): warning C4244: аргумент: преобразование "double" в "int", возможна потеря данных
C:\Users\Борис\Desktop\SHP\c++\DinoPark\DinoPark\Source.cpp(292,57): warning C4244: аргумент: преобразование "double" в "int", возможна потеря данных
C:\Users\Борис\Desktop\SHP\c++\DinoPark\DinoPark\Source.cpp(293,35): warning C4244: аргумент: преобразование "double" в "int", возможна потеря данных
C:\Users\Борис\Desktop\SHP\c++\DinoPark\DinoPark\Source.cpp(293,23): warning C4244: аргумент: преобразование "double" в "int", возможна потеря данных
C:\Users\Борис\Desktop\SHP\c++\DinoPark\DinoPark\Source.cpp(293,66): warning C4244: аргумент: преобразование "double" в "int", возможна потеря данных
C:\Users\Борис\Desktop\SHP\c++\DinoPark\DinoPark\Source.cpp(293,54): warning C4244: аргумент: преобразование "double" в "int", возможна потеря данных
C:\Users\Борис\Desktop\SHP\c++\DinoPark\DinoPark\Source.cpp(294,35): warning C4244: аргумент: преобразование "double" в "int", возможна потеря данных
C:\Users\Борис\Desktop\SHP\c++\DinoPark\DinoPark\Source.cpp(294,23): warning C4244: аргумент: преобразование "double" в "int", возможна потеря данных
C:\Users\Борис\Desktop\SHP\c++\DinoPark\DinoPark\Source.cpp(294,66): warning C4244: аргумент: преобразование "double" в "int", возможна потеря данных
C:\Users\Борис\Desktop\SHP\c++\DinoPark\DinoPark\Source.cpp(294,54): warning C4244: аргумент: преобразование "double" в "int", возможна потеря данных
C:\Users\Борис\Desktop\SHP\c++\DinoPark\DinoPark\Source.cpp(295,35): warning C4244: аргумент: преобразование "double" в "int", возможна потеря данных
C:\Users\Борис\Desktop\SHP\c++\DinoPark\DinoPark\Source.cpp(295,23): warning C4244: аргумент: преобразование "double" в "int", возможна потеря данных
C:\Users\Борис\Desktop\SHP\c++\DinoPark\DinoPark\Source.cpp(295,66): warning C4244: аргумент: преобразование "double" в "int", возможна потеря данных
C:\Users\Борис\Desktop\SHP\c++\DinoPark\DinoPark\Source.cpp(295,54): warning C4244: аргумент: преобразование "double" в "int", возможна потеря данных
C:\Users\Борис\Desktop\SHP\c++\DinoPark\DinoPark\Source.cpp(296,35): warning C4244: аргумент: преобразование "double" в "int", возможна потеря данных
C:\Users\Борис\Desktop\SHP\c++\DinoPark\DinoPark\Source.cpp(296,23): warning C4244: аргумент: преобразование "double" в "int", возможна потеря данных
C:\Users\Борис\Desktop\SHP\c++\DinoPark\DinoPark\Source.cpp(296,66): warning C4244: аргумент: преобразование "double" в "int", возможна потеря данных
C:\Users\Борис\Desktop\SHP\c++\DinoPark\DinoPark\Source.cpp(296,54): warning C4244: аргумент: преобразование "double" в "int", возможна потеря данных
C:\Users\Борис\Desktop\SHP\c++\DinoPark\DinoPark\Source.cpp(297,35): warning C4244: аргумент: преобразование "double" в "int", возможна потеря данных
C:\Users\Борис\Desktop\SHP\c++\DinoPark\DinoPark\Source.cpp(297,23): warning C4244: аргумент: преобразование "double" в "int", возможна потеря данных
C:\Users\Борис\Desktop\SHP\c++\DinoPark\DinoPark\Source.cpp(297,66): warning C4244: аргумент: преобразование "double" в "int", возможна потеря данных
C:\Users\Борис\Desktop\SHP\c++\DinoPark\DinoPark\Source.cpp(297,54): warning C4244: аргумент: преобразование "double" в "int", возможна потеря данных
C:\Users\Борис\Desktop\SHP\c++\DinoPark\DinoPark\Source.cpp(319,37): warning C4244: аргумент: преобразование "double" в "int", возможна потеря данных
C:\Users\Борис\Desktop\SHP\c++\DinoPark\DinoPark\Source.cpp(319,25): warning C4244: аргумент: преобразование "double" в "int", возможна потеря данных
C:\Users\Борис\Desktop\SHP\c++\DinoPark\DinoPark\Source.cpp(319,51): warning C4244: аргумент: преобразование "double" в "int", возможна потеря данных
C:\Users\Борис\Desktop\SHP\c++\DinoPark\DinoPark\Source.cpp(320,35): warning C4244: аргумент: преобразование "double" в "int", возможна потеря данных
C:\Users\Борис\Desktop\SHP\c++\DinoPark\DinoPark\Source.cpp(320,23): warning C4244: аргумент: преобразование "double" в "int", возможна потеря данных
C:\Users\Борис\Desktop\SHP\c++\DinoPark\DinoPark\Source.cpp(320,66): warning C4244: аргумент: преобразование "double" в "int", возможна потеря данных
C:\Users\Борис\Desktop\SHP\c++\DinoPark\DinoPark\Source.cpp(320,54): warning C4244: аргумент: преобразование "double" в "int", возможна потеря данных
C:\Users\Борис\Desktop\SHP\c++\DinoPark\DinoPark\Source.cpp(321,35): warning C4244: аргумент: преобразование "double" в "int", возможна потеря данных
C:\Users\Борис\Desktop\SHP\c++\DinoPark\DinoPark\Source.cpp(321,23): warning C4244: аргумент: преобразование "double" в "int", возможна потеря данных
C:\Users\Борис\Desktop\SHP\c++\DinoPark\DinoPark\Source.cpp(321,66): warning C4244: аргумент: преобразование "double" в "int", возможна потеря данных
C:\Users\Борис\Desktop\SHP\c++\DinoPark\DinoPark\Source.cpp(321,54): warning C4244: аргумент: преобразование "double" в "int", возможна потеря данных
C:\Users\Борис\Desktop\SHP\c++\DinoPark\DinoPark\Source.cpp(322,35): warning C4244: аргумент: преобразование "double" в "int", возможна потеря данных
C:\Users\Борис\Desktop\SHP\c++\DinoPark\DinoPark\Source.cpp(322,23): warning C4244: аргумент: преобразование "double" в "int", возможна потеря данных
C:\Users\Борис\Desktop\SHP\c++\DinoPark\DinoPark\Source.cpp(322,66): warning C4244: аргумент: преобразование "double" в "int", возможна потеря данных
C:\Users\Борис\Desktop\SHP\c++\DinoPark\DinoPark\Source.cpp(322,54): warning C4244: аргумент: преобразование "double" в "int", возможна потеря данных
C:\Users\Борис\Desktop\SHP\c++\DinoPark\DinoPark\Source.cpp(323,35): warning C4244: аргумент: преобразование "double" в "int", возможна потеря данных
C:\Users\Борис\Desktop\SHP\c++\DinoPark\DinoPark\Source.cpp(323,23): warning C4244: аргумент: преобразование "double" в "int", возможна потеря данных
C:\Users\Борис\Desktop\SHP\c++\DinoPark\DinoPark\Source.cpp(323,66): warning C4244: аргумент: преобразование "double" в "int", возможна потеря данных
C:\Users\Борис\Desktop\SHP\c++\DinoPark\DinoPark\Source.cpp(323,54): warning C4244: аргумент: преобразование "double" в "int", возможна потеря данных
C:\Users\Борис\Desktop\SHP\c++\DinoPark\DinoPark\Source.cpp(359,37): warning C4244: аргумент: преобразование "double" в "int", возможна потеря данных
C:\Users\Борис\Desktop\SHP\c++\DinoPark\DinoPark\Source.cpp(359,25): warning C4244: аргумент: преобразование "double" в "int", возможна потеря данных
C:\Users\Борис\Desktop\SHP\c++\DinoPark\DinoPark\Source.cpp(359,50): warning C4244: аргумент: преобразование "double" в "int", возможна потеря данных
C:\Users\Борис\Desktop\SHP\c++\DinoPark\DinoPark\Source.cpp(360,30): warning C4244: аргумент: преобразование "double" в "int", возможна потеря данных
C:\Users\Борис\Desktop\SHP\c++\DinoPark\DinoPark\Source.cpp(360,23): warning C4244: аргумент: преобразование "double" в "int", возможна потеря данных
C:\Users\Борис\Desktop\SHP\c++\DinoPark\DinoPark\Source.cpp(360,61): warning C4244: аргумент: преобразование "double" в "int", возможна потеря данных
C:\Users\Борис\Desktop\SHP\c++\DinoPark\DinoPark\Source.cpp(360,49): warning C4244: аргумент: преобразование "double" в "int", возможна потеря данных
C:\Users\Борис\Desktop\SHP\c++\DinoPark\DinoPark\Source.cpp(361,35): warning C4244: аргумент: преобразование "double" в "int", возможна потеря данных
C:\Users\Борис\Desktop\SHP\c++\DinoPark\DinoPark\Source.cpp(361,23): warning C4244: аргумент: преобразование "double" в "int", возможна потеря данных
C:\Users\Борис\Desktop\SHP\c++\DinoPark\DinoPark\Source.cpp(361,66): warning C4244: аргумент: преобразование "double" в "int", возможна потеря данных
C:\Users\Борис\Desktop\SHP\c++\DinoPark\DinoPark\Source.cpp(361,54): warning C4244: аргумент: преобразование "double" в "int", возможна потеря данных
C:\Users\Борис\Desktop\SHP\c++\DinoPark\DinoPark\Source.cpp(362,35): warning C4244: аргумент: преобразование "double" в "int", возможна потеря данных
C:\Users\Борис\Desktop\SHP\c++\DinoPark\DinoPark\Source.cpp(362,23): warning C4244: аргумент: преобразование "double" в "int", возможна потеря данных
C:\Users\Борис\Desktop\SHP\c++\DinoPark\DinoPark\Source.cpp(362,66): warning C4244: аргумент: преобразование "double" в "int", возможна потеря данных
C:\Users\Борис\Desktop\SHP\c++\DinoPark\DinoPark\Source.cpp(362,54): warning C4244: аргумент: преобразование "double" в "int", возможна потеря данных
C:\Users\Борис\Desktop\SHP\c++\DinoPark\DinoPark\Source.cpp(363,35): warning C4244: аргумент: преобразование "double" в "int", возможна потеря данных
C:\Users\Борис\Desktop\SHP\c++\DinoPark\DinoPark\Source.cpp(363,23): warning C4244: аргумент: преобразование "double" в "int", возможна потеря данных
C:\Users\Борис\Desktop\SHP\c++\DinoPark\DinoPark\Source.cpp(363,67): warning C4244: аргумент: преобразование "double" в "int", возможна потеря данных
C:\Users\Борис\Desktop\SHP\c++\DinoPark\DinoPark\Source.cpp(363,55): warning C4244: аргумент: преобразование "double" в "int", возможна потеря данных
C:\Users\Борис\Desktop\SHP\c++\DinoPark\DinoPark\Source.cpp(364,35): warning C4244: аргумент: преобразование "double" в "int", возможна потеря данных
C:\Users\Борис\Desktop\SHP\c++\DinoPark\DinoPark\Source.cpp(364,23): warning C4244: аргумент: преобразование "double" в "int", возможна потеря данных
C:\Users\Борис\Desktop\SHP\c++\DinoPark\DinoPark\Source.cpp(364,67): warning C4244: аргумент: преобразование "double" в "int", возможна потеря данных
C:\Users\Борис\Desktop\SHP\c++\DinoPark\DinoPark\Source.cpp(364,55): warning C4244: аргумент: преобразование "double" в "int", возможна потеря данных
C:\Users\Борис\Desktop\SHP\c++\DinoPark\DinoPark\Source.cpp(365,35): warning C4244: аргумент: преобразование "double" в "int", возможна потеря данных
C:\Users\Борис\Desktop\SHP\c++\DinoPark\DinoPark\Source.cpp(365,23): warning C4244: аргумент: преобразование "double" в "int", возможна потеря данных
C:\Users\Борис\Desktop\SHP\c++\DinoPark\DinoPark\Source.cpp(365,66): warning C4244: аргумент: преобразование "double" в "int", возможна потеря данных
C:\Users\Борис\Desktop\SHP\c++\DinoPark\DinoPark\Source.cpp(365,54): warning C4244: аргумент: преобразование "double" в "int", возможна потеря данных
C:\Users\Борис\Desktop\SHP\c++\DinoPark\DinoPark\Source.cpp(366,37): warning C4244: аргумент: преобразование "double" в "int", возможна потеря данных
C:\Users\Борис\Desktop\SHP\c++\DinoPark\DinoPark\Source.cpp(366,25): warning C4244: аргумент: преобразование "double" в "int", возможна потеря данных
C:\Users\Борис\Desktop\SHP\c++\DinoPark\DinoPark\Source.cpp(366,50): warning C4244: аргумент: преобразование "double" в "int", возможна потеря данных
C:\Users\Борис\Desktop\SHP\c++\DinoPark\DinoPark\Source.cpp(367,35): warning C4244: аргумент: преобразование "double" в "int", возможна потеря данных
C:\Users\Борис\Desktop\SHP\c++\DinoPark\DinoPark\Source.cpp(367,23): warning C4244: аргумент: преобразование "double" в "int", возможна потеря данных
C:\Users\Борис\Desktop\SHP\c++\DinoPark\DinoPark\Source.cpp(367,66): warning C4244: аргумент: преобразование "double" в "int", возможна потеря данных
C:\Users\Борис\Desktop\SHP\c++\DinoPark\DinoPark\Source.cpp(367,54): warning C4244: аргумент: преобразование "double" в "int", возможна потеря данных
C:\Users\Борис\Desktop\SHP\c++\DinoPark\DinoPark\Source.cpp(396,30): warning C4244: аргумент: преобразование "double" в "int", возможна потеря данных
C:\Users\Борис\Desktop\SHP\c++\DinoPark\DinoPark\Source.cpp(396,23): warning C4244: аргумент: преобразование "double" в "int", возможна потеря данных
C:\Users\Борис\Desktop\SHP\c++\DinoPark\DinoPark\Source.cpp(396,61): warning C4244: аргумент: преобразование "double" в "int", возможна потеря данных
C:\Users\Борис\Desktop\SHP\c++\DinoPark\DinoPark\Source.cpp(396,49): warning C4244: аргумент: преобразование "double" в "int", возможна потеря данных
C:\Users\Борис\Desktop\SHP\c++\DinoPark\DinoPark\Source.cpp(397,35): warning C4244: аргумент: преобразование "double" в "int", возможна потеря данных
C:\Users\Борис\Desktop\SHP\c++\DinoPark\DinoPark\Source.cpp(397,23): warning C4244: аргумент: преобразование "double" в "int", возможна потеря данных
C:\Users\Борис\Desktop\SHP\c++\DinoPark\DinoPark\Source.cpp(397,66): warning C4244: аргумент: преобразование "double" в "int", возможна потеря данных
C:\Users\Борис\Desktop\SHP\c++\DinoPark\DinoPark\Source.cpp(397,54): warning C4244: аргумент: преобразование "double" в "int", возможна потеря данных
C:\Users\Борис\Desktop\SHP\c++\DinoPark\DinoPark\Source.cpp(398,35): warning C4244: аргумент: преобразование "double" в "int", возможна потеря данных
C:\Users\Борис\Desktop\SHP\c++\DinoPark\DinoPark\Source.cpp(398,23): warning C4244: аргумент: преобразование "double" в "int", возможна потеря данных
C:\Users\Борис\Desktop\SHP\c++\DinoPark\DinoPark\Source.cpp(398,66): warning C4244: аргумент: преобразование "double" в "int", возможна потеря данных
C:\Users\Борис\Desktop\SHP\c++\DinoPark\DinoPark\Source.cpp(398,54): warning C4244: аргумент: преобразование "double" в "int", возможна потеря данных
C:\Users\Борис\Desktop\SHP\c++\DinoPark\DinoPark\Source.cpp(399,35): warning C4244: аргумент: преобразование "double" в "int", возможна потеря данных
C:\Users\Борис\Desktop\SHP\c++\DinoPark\DinoPark\Source.cpp(399,23): warning C4244: аргумент: преобразование "double" в "int", возможна потеря данных
C:\Users\Борис\Desktop\SHP\c++\DinoPark\DinoPark\Source.cpp(399,67): warning C4244: аргумент: преобразование "double" в "int", возможна потеря данных
C:\Users\Борис\Desktop\SHP\c++\DinoPark\DinoPark\Source.cpp(399,55): warning C4244: аргумент: преобразование "double" в "int", возможна потеря данных
C:\Users\Борис\Desktop\SHP\c++\DinoPark\DinoPark\Source.cpp(400,35): warning C4244: аргумент: преобразование "double" в "int", возможна потеря данных
C:\Users\Борис\Desktop\SHP\c++\DinoPark\DinoPark\Source.cpp(400,23): warning C4244: аргумент: преобразование "double" в "int", возможна потеря данных
C:\Users\Борис\Desktop\SHP\c++\DinoPark\DinoPark\Source.cpp(400,67): warning C4244: аргумент: преобразование "double" в "int", возможна потеря данных
C:\Users\Борис\Desktop\SHP\c++\DinoPark\DinoPark\Source.cpp(400,55): warning C4244: аргумент: преобразование "double" в "int", возможна потеря данных
C:\Users\Борис\Desktop\SHP\c++\DinoPark\DinoPark\Source.cpp(401,35): warning C4244: аргумент: преобразование "double" в "int", возможна потеря данных
C:\Users\Борис\Desktop\SHP\c++\DinoPark\DinoPark\Source.cpp(401,23): warning C4244: аргумент: преобразование "double" в "int", возможна потеря данных
C:\Users\Борис\Desktop\SHP\c++\DinoPark\DinoPark\Source.cpp(401,66): warning C4244: аргумент: преобразование "double" в "int", возможна потеря данных
C:\Users\Борис\Desktop\SHP\c++\DinoPark\DinoPark\Source.cpp(401,54): warning C4244: аргумент: преобразование "double" в "int", возможна потеря данных
C:\Users\Борис\Desktop\SHP\c++\DinoPark\DinoPark\Source.cpp(402,37): warning C4244: аргумент: преобразование "double" в "int", возможна потеря данных
C:\Users\Борис\Desktop\SHP\c++\DinoPark\DinoPark\Source.cpp(402,25): warning C4244: аргумент: преобразование "double" в "int", возможна потеря данных
C:\Users\Борис\Desktop\SHP\c++\DinoPark\DinoPark\Source.cpp(402,50): warning C4244: аргумент: преобразование "double" в "int", возможна потеря данных
C:\Users\Борис\Desktop\SHP\c++\DinoPark\DinoPark\Source.cpp(403,27): warning C4244: аргумент: преобразование "double" в "int", возможна потеря данных
C:\Users\Борис\Desktop\SHP\c++\DinoPark\DinoPark\Source.cpp(403,61): warning C4244: аргумент: преобразование "double" в "int", возможна потеря данных
C:\Users\Борис\Desktop\SHP\c++\DinoPark\DinoPark\Source.cpp(403,49): warning C4244: аргумент: преобразование "double" в "int", возможна потеря данных
C:\Users\Борис\Desktop\SHP\c++\DinoPark\DinoPark\Source.cpp(403,80): warning C4244: аргумент: преобразование "double" в "int", возможна потеря данных
C:\Users\Борис\Desktop\SHP\c++\DinoPark\DinoPark\Source.cpp(421,30): warning C4244: аргумент: преобразование "double" в "int", возможна потеря данных
C:\Users\Борис\Desktop\SHP\c++\DinoPark\DinoPark\Source.cpp(421,23): warning C4244: аргумент: преобразование "double" в "int", возможна потеря данных
C:\Users\Борис\Desktop\SHP\c++\DinoPark\DinoPark\Source.cpp(421,61): warning C4244: аргумент: преобразование "double" в "int", возможна потеря данных
C:\Users\Борис\Desktop\SHP\c++\DinoPark\DinoPark\Source.cpp(421,49): warning C4244: аргумент: преобразование "double" в "int", возможна потеря данных
C:\Users\Борис\Desktop\SHP\c++\DinoPark\DinoPark\Source.cpp(422,35): warning C4244: аргумент: преобразование "double" в "int", возможна потеря данных
C:\Users\Борис\Desktop\SHP\c++\DinoPark\DinoPark\Source.cpp(422,23): warning C4244: аргумент: преобразование "double" в "int", возможна потеря данных
C:\Users\Борис\Desktop\SHP\c++\DinoPark\DinoPark\Source.cpp(422,66): warning C4244: аргумент: преобразование "double" в "int", возможна потеря данных
C:\Users\Борис\Desktop\SHP\c++\DinoPark\DinoPark\Source.cpp(422,54): warning C4244: аргумент: преобразование "double" в "int", возможна потеря данных
C:\Users\Борис\Desktop\SHP\c++\DinoPark\DinoPark\Source.cpp(423,35): warning C4244: аргумент: преобразование "double" в "int", возможна потеря данных
C:\Users\Борис\Desktop\SHP\c++\DinoPark\DinoPark\Source.cpp(423,23): warning C4244: аргумент: преобразование "double" в "int", возможна потеря данных
C:\Users\Борис\Desktop\SHP\c++\DinoPark\DinoPark\Source.cpp(423,66): warning C4244: аргумент: преобразование "double" в "int", возможна потеря данных
C:\Users\Борис\Desktop\SHP\c++\DinoPark\DinoPark\Source.cpp(423,54): warning C4244: аргумент: преобразование "double" в "int", возможна потеря данных
C:\Users\Борис\Desktop\SHP\c++\DinoPark\DinoPark\Source.cpp(424,35): warning C4244: аргумент: преобразование "double" в "int", возможна потеря данных
C:\Users\Борис\Desktop\SHP\c++\DinoPark\DinoPark\Source.cpp(424,23): warning C4244: аргумент: преобразование "double" в "int", возможна потеря данных
C:\Users\Борис\Desktop\SHP\c++\DinoPark\DinoPark\Source.cpp(424,67): warning C4244: аргумент: преобразование "double" в "int", возможна потеря данных
C:\Users\Борис\Desktop\SHP\c++\DinoPark\DinoPark\Source.cpp(424,55): warning C4244: аргумент: преобразование "double" в "int", возможна потеря данных
C:\Users\Борис\Desktop\SHP\c++\DinoPark\DinoPark\Source.cpp(425,35): warning C4244: аргумент: преобразование "double" в "int", возможна потеря данных
C:\Users\Борис\Desktop\SHP\c++\DinoPark\DinoPark\Source.cpp(425,23): warning C4244: аргумент: преобразование "double" в "int", возможна потеря данных
C:\Users\Борис\Desktop\SHP\c++\DinoPark\DinoPark\Source.cpp(425,67): warning C4244: аргумент: преобразование "double" в "int", возможна потеря данных
C:\Users\Борис\Desktop\SHP\c++\DinoPark\DinoPark\Source.cpp(425,55): warning C4244: аргумент: преобразование "double" в "int", возможна потеря данных
C:\Users\Борис\Desktop\SHP\c++\DinoPark\DinoPark\Source.cpp(426,35): warning C4244: аргумент: преобразование "double" в "int", возможна потеря данных
C:\Users\Борис\Desktop\SHP\c++\DinoPark\DinoPark\Source.cpp(426,23): warning C4244: аргумент: преобразование "double" в "int", возможна потеря данных
C:\Users\Борис\Desktop\SHP\c++\DinoPark\DinoPark\Source.cpp(426,66): warning C4244: аргумент: преобразование "double" в "int", возможна потеря данных
C:\Users\Борис\Desktop\SHP\c++\DinoPark\DinoPark\Source.cpp(426,54): warning C4244: аргумент: преобразование "double" в "int", возможна потеря данных
C:\Users\Борис\Desktop\SHP\c++\DinoPark\DinoPark\Source.cpp(427,37): warning C4244: аргумент: преобразование "double" в "int", возможна потеря данных
C:\Users\Борис\Desktop\SHP\c++\DinoPark\DinoPark\Source.cpp(427,25): warning C4244: аргумент: преобразование "double" в "int", возможна потеря данных
C:\Users\Борис\Desktop\SHP\c++\DinoPark\DinoPark\Source.cpp(427,50): warning C4244: аргумент: преобразование "double" в "int", возможна потеря данных
C:\Users\Борис\Desktop\SHP\c++\DinoPark\DinoPark\Source.cpp(428,27): warning C4244: аргумент: преобразование "double" в "int", возможна потеря данных
C:\Users\Борис\Desktop\SHP\c++\DinoPark\DinoPark\Source.cpp(428,61): warning C4244: аргумент: преобразование "double" в "int", возможна потеря данных
C:\Users\Борис\Desktop\SHP\c++\DinoPark\DinoPark\Source.cpp(428,49): warning C4244: аргумент: преобразование "double" в "int", возможна потеря данных
C:\Users\Борис\Desktop\SHP\c++\DinoPark\DinoPark\Source.cpp(428,80): warning C4244: аргумент: преобразование "double" в "int", возможна потеря данных
C:\Users\Борис\Desktop\SHP\c++\DinoPark\DinoPark\Source.cpp(553,20): warning C4101: key: неиспользованная локальная переменная
C:\Users\Борис\Desktop\SHP\c++\DinoPark\DinoPark\Source.cpp(911,12): warning C4244: аргумент: преобразование "time_t" в "unsigned int", возможна потеря данных
  DinoPark.vcxproj -> C:\Users\Борис\Desktop\SHP\c++\DinoPark\x64\Debug\DinoPark.exe
